INFO:     Will watch for changes in these directories: ['C:\\Users\\RAGHU VEER\\OneDrive\\Desktop\\PKI-Based-2FA-Microservice-Task-2-']
INFO:     Uvicorn running on http://127.0.0.1:8000 (Press CTRL+C to quit)
INFO:     Started reloader process [17464] using WatchFiles
Process SpawnProcess-1:
Traceback (most recent call last):
  File "C:\Users\RAGHU VEER\AppData\Local\Programs\Python\Python311\Lib\multiprocessing\process.py", line 314, in _bootstrap
    self.run()
  File "C:\Users\RAGHU VEER\AppData\Local\Programs\Python\Python311\Lib\multiprocessing\process.py", line 108, in run
    self._target(*self._args, **self._kwargs)
  File "C:\Users\RAGHU VEER\AppData\Local\Programs\Python\Python311\Lib\site-packages\uvicorn\_subprocess.py", line 80, in subprocess_started
    target(sockets=sockets)
  File "C:\Users\RAGHU VEER\AppData\Local\Programs\Python\Python311\Lib\site-packages\uvicorn\server.py", line 67, in run
    return asyncio_run(self.serve(sockets=sockets), loop_factory=self.config.get_loop_factory())
           ^^^^^^^^^^^^^^^^^^^^^^^^^^^^^^^^^^^^^^^^^^^^^^^^^^^^^^^^^^^^^^^^^^^^^^^^^^^^^^^^^^^^^
  File "C:\Users\RAGHU VEER\AppData\Local\Programs\Python\Python311\Lib\site-packages\uvicorn\_compat.py", line 30, in asyncio_run
    return runner.run(main)
           ^^^^^^^^^^^^^^^^
  File "C:\Users\RAGHU VEER\AppData\Local\Programs\Python\Python311\Lib\asyncio\runners.py", line 118, in run
    return self._loop.run_until_complete(task)
           ^^^^^^^^^^^^^^^^^^^^^^^^^^^^^^^^^^^
  File "C:\Users\RAGHU VEER\AppData\Local\Programs\Python\Python311\Lib\asyncio\base_events.py", line 653, in run_until_complete
    return future.result()
           ^^^^^^^^^^^^^^^
  File "C:\Users\RAGHU VEER\AppData\Local\Programs\Python\Python311\Lib\site-packages\uvicorn\server.py", line 71, in serve
    await self._serve(sockets)
  File "C:\Users\RAGHU VEER\AppData\Local\Programs\Python\Python311\Lib\site-packages\uvicorn\server.py", line 78, in _serve
    config.load()
  File "C:\Users\RAGHU VEER\AppData\Local\Programs\Python\Python311\Lib\site-packages\uvicorn\config.py", line 439, in load
    self.loaded_app = import_from_string(self.app)
                      ^^^^^^^^^^^^^^^^^^^^^^^^^^^^
  File "C:\Users\RAGHU VEER\AppData\Local\Programs\Python\Python311\Lib\site-packages\uvicorn\importer.py", line 22, in import_from_string
    raise exc from None
  File "C:\Users\RAGHU VEER\AppData\Local\Programs\Python\Python311\Lib\site-packages\uvicorn\importer.py", line 19, in import_from_string
    module = importlib.import_module(module_str)
             ^^^^^^^^^^^^^^^^^^^^^^^^^^^^^^^^^^^
  File "C:\Users\RAGHU VEER\AppData\Local\Programs\Python\Python311\Lib\importlib\__init__.py", line 126, in import_module
    return _bootstrap._gcd_import(name[level:], package, level)
           ^^^^^^^^^^^^^^^^^^^^^^^^^^^^^^^^^^^^^^^^^^^^^^^^^^^^
  File "<frozen importlib._bootstrap>", line 1206, in _gcd_import
  File "<frozen importlib._bootstrap>", line 1178, in _find_and_load
  File "<frozen importlib._bootstrap>", line 1149, in _find_and_load_unlocked
  File "<frozen importlib._bootstrap>", line 690, in _load_unlocked
  File "<frozen importlib._bootstrap_external>", line 940, in exec_module
  File "<frozen importlib._bootstrap>", line 241, in _call_with_frames_removed
  File "C:\Users\RAGHU VEER\OneDrive\Desktop\PKI-Based-2FA-Microservice-Task-2-\main.py", line 2, in <module>
    from decrypt_and_totp import decrypt_seed, save_seed, generate_totp_code, verify_totp_code
  File "C:\Users\RAGHU VEER\OneDrive\Desktop\PKI-Based-2FA-Microservice-Task-2-\decrypt_and_totp.py", line 6, in <module>
    from Crypto.Cipher import PKCS1_OAEP
ModuleNotFoundError: No module named 'Crypto'
